<?xml version="1.0" encoding="UTF-8"?>
<!-- Generated by org.testng.reporters.JUnitReportReporter -->
<testsuite skipped="0" hostname="Timothy" name="freddie.data.MortgageLoanTest" tests="4" failures="0" timestamp="10 Nov 2017 03:02:45 GMT" time="36.253" errors="0">
  <testcase name="mortgageLoanAppTest" time="9.536" classname="freddie.data.MortgageLoanTest"/>
  <testcase name="mortgageLoanAppTest" time="8.769" classname="freddie.data.MortgageLoanTest"/>
  <testcase name="mortgageLoanAppTest" time="8.915" classname="freddie.data.MortgageLoanTest"/>
  <testcase name="mortgageLoanAppTest" time="9.033" classname="freddie.data.MortgageLoanTest"/>
</testsuite> <!-- freddie.data.MortgageLoanTest -->
