<?xml version="1.0" encoding="UTF-8"?>
<!-- Generated by org.testng.reporters.JUnitReportReporter -->
<testsuite skipped="0" hostname="Timothy" name="freddie.data.ShoppingCartTest" tests="2" failures="0" timestamp="09 Dec 2017 02:43:58 GMT" time="19.065" errors="0">
  <testcase name="test" time="10.078" classname="freddie.data.ShoppingCartTest"/>
  <testcase name="test" time="8.987" classname="freddie.data.ShoppingCartTest"/>
</testsuite> <!-- freddie.data.ShoppingCartTest -->
