<?xml version="1.0" encoding="UTF-8"?>
<!-- Generated by org.testng.reporters.JUnitReportReporter -->
<testsuite skipped="1" hostname="Timothy" name="freddie.frameworks.TestNGTest01" tests="3" failures="0" timestamp="10 Nov 2017 01:26:48 GMT" time="0.013" errors="0">
  <testcase name="myFirstTest" time="0.008" classname="freddie.frameworks.TestNGTest01"/>
  <testcase name="myThirdTest" time="0.005" classname="freddie.frameworks.TestNGTest01"/>
  <testcase name="mySecondTest" classname="freddie.frameworks.TestNGTest01">
    <skipped/>
  </testcase> <!-- mySecondTest -->
</testsuite> <!-- freddie.frameworks.TestNGTest01 -->
