<?xml version="1.0" encoding="UTF-8"?>
<!-- Generated by org.testng.reporters.JUnitReportReporter -->
<testsuite skipped="0" hostname="Timothy" name="freddie.data.NewAccountTest" tests="5" failures="0" timestamp="09 Dec 2017 01:28:16 GMT" time="42.014" errors="0">
  <testcase name="test" time="8.338" classname="freddie.data.NewAccountTest"/>
  <testcase name="test" time="8.870" classname="freddie.data.NewAccountTest"/>
  <testcase name="test" time="8.277" classname="freddie.data.NewAccountTest"/>
  <testcase name="test" time="8.329" classname="freddie.data.NewAccountTest"/>
  <testcase name="test" time="8.200" classname="freddie.data.NewAccountTest"/>
</testsuite> <!-- freddie.data.NewAccountTest -->
